<?xml version="1.0" encoding="UTF-8"?>
<!-- Generated by org.testng.reporters.JUnitReportReporter -->
<testsuite hostname="Rahuls-Air.attlocal.net" failures="0" tests="1" name="Ecommerce.EcommerceWebsitePractice" time="30.338" errors="0" timestamp="2023-12-22T22:28:59 CST" skipped="0">
  <testcase classname="Ecommerce.EcommerceWebsitePractice" name="addToCartButton" time="30.338"/>
</testsuite> <!-- Ecommerce.EcommerceWebsitePractice -->
