<?xml version="1.0" encoding="UTF-8"?>
<!-- Generated by org.testng.reporters.JUnitReportReporter -->
<testsuite hostname="Rahuls-Air" failures="0" tests="1" name="Ecommerce.EcommerceWebsitePractice" time="29.022" errors="0" timestamp="2023-09-11T17:37:04 EDT" skipped="0">
  <testcase classname="Ecommerce.EcommerceWebsitePractice" name="addToCartButton" time="29.022"/>
</testsuite> <!-- Ecommerce.EcommerceWebsitePractice -->
