<?xml version="1.0" encoding="UTF-8"?>
<!-- Generated by org.testng.reporters.JUnitReportReporter -->
<testsuite hostname="Rahuls-Air" failures="0" tests="1" name="Ecommerce.EcommerceWebsitePractice" time="29.088" errors="0" timestamp="2023-09-18T16:37:42 EDT" skipped="0">
  <testcase classname="Ecommerce.EcommerceWebsitePractice" name="addToCartButton" time="29.088"/>
</testsuite> <!-- Ecommerce.EcommerceWebsitePractice -->
